<?xml version="1.0" encoding="UTF-8"?>
<!-- Generated by org.testng.reporters.JUnitReportReporter -->
<testsuite hostname="DESKTOP-66BAJ88" failures="0" tests="1" name="modules.AssignLeave" time="0.573" errors="0" timestamp="2023-11-17T07:23:27 IST" skipped="0">
  <testcase classname="modules.AssignLeave" name="clickOnAssignLeaveButton" time="0.573"/>
</testsuite> <!-- modules.AssignLeave -->
