<?xml version="1.0" encoding="UTF-8"?>
<!-- Generated by org.testng.reporters.JUnitReportReporter -->
<testsuite hostname="DESKTOP-66BAJ88" failures="0" tests="1" name="base.BaseTest" time="7.642" errors="0" timestamp="2023-11-16T07:07:34 IST" skipped="0">
  <testcase classname="base.BaseTest" name="applicationLogin" time="7.642"/>
</testsuite> <!-- base.BaseTest -->
