<?xml version="1.0" encoding="UTF-8"?>
<!-- Generated by org.testng.reporters.JUnitReportReporter -->
<testsuite hostname="DESKTOP-66BAJ88" failures="0" tests="2" name="modules.MyTimesheet" time="6.884" errors="0" timestamp="2023-11-17T07:23:28 IST" skipped="0">
  <testcase classname="modules.MyTimesheet" name="clickOnTimeSheetIcon" time="3.550"/>
  <testcase classname="modules.MyTimesheet" name="clickOnHelpButton" time="3.334"/>
</testsuite> <!-- modules.MyTimesheet -->
